#-----------------------------------------------------------
# Vivado v2018.3 (64-bit)
# SW Build 2405991 on Thu Dec  6 23:38:27 MST 2018
# IP Build 2404404 on Fri Dec  7 01:43:56 MST 2018
# Start of session at: Mon May 13 17:06:25 2024
# Process ID: 32696
# Current directory: F:/Desktop/PRJ/current_cnn/vivado/current_c_cnn
# Command line: vivado.exe -gui_launcher_event rodinguilauncherevent14532 F:\Desktop\PRJ\current_cnn\vivado\current_c_cnn\current_c_cnn.xpr
# Log file: F:/Desktop/PRJ/current_cnn/vivado/current_c_cnn/vivado.log
# Journal file: F:/Desktop/PRJ/current_cnn/vivado/current_c_cnn\vivado.jou
#-----------------------------------------------------------
start_gui
open_project F:/Desktop/PRJ/current_cnn/vivado/current_c_cnn/current_c_cnn.xpr
INFO: [Common 17-41] Interrupt caught. Command should exit soon.
INFO: [Common 17-344] 'open_project' was cancelled
open_project F:/Desktop/PRJ/current_cnn/vivado/current_c_cnn/current_c_cnn.xpr
Scanning sources...
Finished scanning sources
INFO: [IP_Flow 19-234] Refreshing IP repositories
INFO: [IP_Flow 19-1700] Loaded user IP repository 'f:/Desktop/PRJ/current_cnn/vivado/current_c_cnn/current_c_cnn.ip_user_files/xilinx_com_hls_top_net_1_0'.
INFO: [IP_Flow 19-2313] Loaded Vivado IP repository 'D:/Vivado/Vivado/2018.3/data/ip'.
update_compile_order -fileset sources_1
open_bd_design {F:/Desktop/PRJ/current_cnn/vivado/current_c_cnn/current_c_cnn.srcs/sources_1/bd/design_1/design_1.bd}
Adding cell -- xilinx.com:ip:processing_system7:5.5 - processing_system7_0
Adding cell -- xilinx.com:ip:smartconnect:1.0 - axi_smc
Adding cell -- xilinx.com:ip:proc_sys_reset:5.0 - rst_ps7_0_50M
Adding cell -- xilinx.com:ip:axi_interconnect:2.1 - ps7_0_axi_periph
Adding cell -- xilinx.com:ip:axi_protocol_converter:2.1 - auto_pc
Adding cell -- xilinx.com:hls:top_net:1.0 - top_net_0
Successfully read diagram <design_1> from BD file <F:/Desktop/PRJ/current_cnn/vivado/current_c_cnn/current_c_cnn.srcs/sources_1/bd/design_1/design_1.bd>
WARNING: [IP_Flow 19-4318] IP-XACT file does not exist: f:/Desktop/PRJ/current_cnn/vivado/current_c_cnn/current_c_cnn.ip_user_files/xilinx_com_hls_top_net_1_0/component.xml. It will be created.
update_ip_catalog -rebuild -scan_changes
INFO: [IP_Flow 19-234] Refreshing IP repositories
INFO: [IP_Flow 19-1700] Loaded user IP repository 'f:/Desktop/PRJ/current_cnn/vivado/current_c_cnn/current_c_cnn.ip_user_files/xilinx_com_hls_top_net_1_0'.
report_ip_status -name ip_status
upgrade_ip -vlnv xilinx.com:hls:top_net:1.0 [get_ips  design_1_top_net_0_0] -log ip_upgrade.log
Upgrading 'F:/Desktop/PRJ/current_cnn/vivado/current_c_cnn/current_c_cnn.srcs/sources_1/bd/design_1/design_1.bd'
INFO: [IP_Flow 19-3422] Upgraded design_1_top_net_0_0 (Top_net 1.0) from revision 2113554897 to revision 2113556106
Wrote  : <F:\Desktop\PRJ\current_cnn\vivado\current_c_cnn\current_c_cnn.srcs\sources_1\bd\design_1\design_1.bd> 
INFO: [Coretcl 2-1525] Wrote upgrade log to 'F:/Desktop/PRJ/current_cnn/vivado/current_c_cnn/ip_upgrade.log'.
export_ip_user_files -of_objects [get_ips design_1_top_net_0_0] -no_script -sync -force -quiet
generate_target all [get_files  F:/Desktop/PRJ/current_cnn/vivado/current_c_cnn/current_c_cnn.srcs/sources_1/bd/design_1/design_1.bd]
WARNING: [BD 41-927] Following properties on pin /top_net_0/ap_clk have been updated from connected ip. They may not be synchronized with cell properties. You can set property on pin directly to confirm the value and resolve the warning.
	CLK_DOMAIN=design_1_processing_system7_0_0_FCLK_CLK0 
Wrote  : <F:\Desktop\PRJ\current_cnn\vivado\current_c_cnn\current_c_cnn.srcs\sources_1\bd\design_1\design_1.bd> 
WARNING: [BD 41-235] Width mismatch when connecting pin: '/axi_smc/S00_AXI_arlock'(1) to net 'top_net_0_m_axi_gmem_ARLOCK'(2) - Only lower order bits will be connected.
WARNING: [BD 41-235] Width mismatch when connecting pin: '/axi_smc/S00_AXI_awlock'(1) to net 'top_net_0_m_axi_gmem_AWLOCK'(2) - Only lower order bits will be connected.
VHDL Output written to : F:/Desktop/PRJ/current_cnn/vivado/current_c_cnn/current_c_cnn.srcs/sources_1/bd/design_1/synth/design_1.v
WARNING: [BD 41-235] Width mismatch when connecting pin: '/axi_smc/S00_AXI_arlock'(1) to net 'top_net_0_m_axi_gmem_ARLOCK'(2) - Only lower order bits will be connected.
WARNING: [BD 41-235] Width mismatch when connecting pin: '/axi_smc/S00_AXI_awlock'(1) to net 'top_net_0_m_axi_gmem_AWLOCK'(2) - Only lower order bits will be connected.
VHDL Output written to : F:/Desktop/PRJ/current_cnn/vivado/current_c_cnn/current_c_cnn.srcs/sources_1/bd/design_1/sim/design_1.v
VHDL Output written to : F:/Desktop/PRJ/current_cnn/vivado/current_c_cnn/current_c_cnn.srcs/sources_1/bd/design_1/hdl/design_1_wrapper.v
INFO: [BD 41-1029] Generation completed for the IP Integrator block processing_system7_0 .
WARNING: [IP_Flow 19-519] IP 'design_1_top_net_0_0' detected a language mismatch between 'VHDL Simulation Wrapper' and 'Verilog Simulation' output products. Please check with the IP provider to see if this is expected.
INFO: [BD 41-1029] Generation completed for the IP Integrator block top_net_0 .
Exporting to file f:/Desktop/PRJ/current_cnn/vivado/current_c_cnn/current_c_cnn.srcs/sources_1/bd/design_1/ip/design_1_axi_smc_1/bd_0/hw_handoff/design_1_axi_smc_1.hwh
Generated Block Design Tcl file f:/Desktop/PRJ/current_cnn/vivado/current_c_cnn/current_c_cnn.srcs/sources_1/bd/design_1/ip/design_1_axi_smc_1/bd_0/hw_handoff/design_1_axi_smc_1_bd.tcl
Generated Hardware Definition File f:/Desktop/PRJ/current_cnn/vivado/current_c_cnn/current_c_cnn.srcs/sources_1/bd/design_1/ip/design_1_axi_smc_1/bd_0/synth/design_1_axi_smc_1.hwdef
INFO: [BD 41-1029] Generation completed for the IP Integrator block axi_smc .
INFO: [BD 41-1029] Generation completed for the IP Integrator block rst_ps7_0_50M .
WARNING: [IP_Flow 19-4994] Overwriting existing constraint file 'f:/Desktop/PRJ/current_cnn/vivado/current_c_cnn/current_c_cnn.srcs/sources_1/bd/design_1/ip/design_1_auto_pc_0/design_1_auto_pc_0_ooc.xdc'
INFO: [BD 41-1029] Generation completed for the IP Integrator block ps7_0_axi_periph/s00_couplers/auto_pc .
Exporting to file F:/Desktop/PRJ/current_cnn/vivado/current_c_cnn/current_c_cnn.srcs/sources_1/bd/design_1/hw_handoff/design_1.hwh
Generated Block Design Tcl file F:/Desktop/PRJ/current_cnn/vivado/current_c_cnn/current_c_cnn.srcs/sources_1/bd/design_1/hw_handoff/design_1_bd.tcl
Generated Hardware Definition File F:/Desktop/PRJ/current_cnn/vivado/current_c_cnn/current_c_cnn.srcs/sources_1/bd/design_1/synth/design_1.hwdef
generate_target: Time (s): cpu = 00:00:04 ; elapsed = 00:00:06 . Memory (MB): peak = 1345.738 ; gain = 0.000
catch { config_ip_cache -export [get_ips -all design_1_top_net_0_0] }
catch { config_ip_cache -export [get_ips -all design_1_auto_pc_0] }
INFO: [IP_Flow 19-4993] Using cached IP synthesis design for IP design_1_auto_pc_0, cache-ID = e61a66b19430793a; cache size = 145.453 MB.
export_ip_user_files -of_objects [get_files F:/Desktop/PRJ/current_cnn/vivado/current_c_cnn/current_c_cnn.srcs/sources_1/bd/design_1/design_1.bd] -no_script -sync -force -quiet
create_ip_run [get_files -of_objects [get_fileset sources_1] F:/Desktop/PRJ/current_cnn/vivado/current_c_cnn/current_c_cnn.srcs/sources_1/bd/design_1/design_1.bd]
launch_runs -jobs 16 design_1_top_net_0_0_synth_1
[Mon May 13 17:07:19 2024] Launched design_1_top_net_0_0_synth_1...
Run output will be captured here: F:/Desktop/PRJ/current_cnn/vivado/current_c_cnn/current_c_cnn.runs/design_1_top_net_0_0_synth_1/runme.log
export_simulation -of_objects [get_files F:/Desktop/PRJ/current_cnn/vivado/current_c_cnn/current_c_cnn.srcs/sources_1/bd/design_1/design_1.bd] -directory F:/Desktop/PRJ/current_cnn/vivado/current_c_cnn/current_c_cnn.ip_user_files/sim_scripts -ip_user_files_dir F:/Desktop/PRJ/current_cnn/vivado/current_c_cnn/current_c_cnn.ip_user_files -ipstatic_source_dir F:/Desktop/PRJ/current_cnn/vivado/current_c_cnn/current_c_cnn.ip_user_files/ipstatic -lib_map_path [list {modelsim=F:/Desktop/PRJ/current_cnn/vivado/current_c_cnn/current_c_cnn.cache/compile_simlib/modelsim} {questa=F:/Desktop/PRJ/current_cnn/vivado/current_c_cnn/current_c_cnn.cache/compile_simlib/questa} {riviera=F:/Desktop/PRJ/current_cnn/vivado/current_c_cnn/current_c_cnn.cache/compile_simlib/riviera} {activehdl=F:/Desktop/PRJ/current_cnn/vivado/current_c_cnn/current_c_cnn.cache/compile_simlib/activehdl}] -use_ip_compiled_libs -force -quiet
open_run impl_1
INFO: [Netlist 29-17] Analyzing 601 Unisim elements for replacement
INFO: [Netlist 29-28] Unisim Transformation completed in 0 CPU seconds
INFO: [Project 1-479] Netlist was created with Vivado 2018.3
INFO: [Device 21-403] Loading part xc7z020clg400-1
INFO: [Project 1-570] Preparing netlist for logic optimization
INFO: [Timing 38-478] Restoring timing data from binary archive.
INFO: [Timing 38-479] Binary timing data restore complete.
INFO: [Project 1-856] Restoring constraints from binary archive.
INFO: [Project 1-853] Binary constraint restore complete.
Reading XDEF placement.
Reading placer database...
Reading XDEF routing.
Read XDEF File: Time (s): cpu = 00:00:01 ; elapsed = 00:00:00.879 . Memory (MB): peak = 2169.094 ; gain = 0.230
Restored from archive | CPU: 1.000000 secs | Memory: 0.000000 MB |
Finished XDEF File Restore: Time (s): cpu = 00:00:01 ; elapsed = 00:00:00.879 . Memory (MB): peak = 2169.094 ; gain = 0.230
Netlist sorting complete. Time (s): cpu = 00:00:00 ; elapsed = 00:00:00.004 . Memory (MB): peak = 2171.902 ; gain = 0.000
INFO: [Project 1-111] Unisim Transformation Summary:
  A total of 83 instances were transformed.
  RAM16X1S => RAM32X1S (RAMS32): 32 instances
  RAM32M => RAM32M (RAMD32, RAMD32, RAMD32, RAMD32, RAMD32, RAMD32, RAMS32, RAMS32): 51 instances

WARNING: [Designutils 20-3303] unexpected site type 'IOPAD' in HDPYFinalizeIO
WARNING: [Designutils 20-3303] unexpected site type 'IOPAD' in HDPYFinalizeIO
WARNING: [Designutils 20-3303] unexpected site type 'IOPAD' in HDPYFinalizeIO
WARNING: [Designutils 20-3303] unexpected site type 'IOPAD' in HDPYFinalizeIO
WARNING: [Designutils 20-3303] unexpected site type 'IOPAD' in HDPYFinalizeIO
WARNING: [Designutils 20-3303] unexpected site type 'IOPAD' in HDPYFinalizeIO
WARNING: [Designutils 20-3303] unexpected site type 'IOPAD' in HDPYFinalizeIO
WARNING: [Designutils 20-3303] unexpected site type 'IOPAD' in HDPYFinalizeIO
WARNING: [Designutils 20-3303] unexpected site type 'IOPAD' in HDPYFinalizeIO
WARNING: [Designutils 20-3303] unexpected site type 'IOPAD' in HDPYFinalizeIO
WARNING: [Designutils 20-3303] unexpected site type 'IOPAD' in HDPYFinalizeIO
WARNING: [Designutils 20-3303] unexpected site type 'IOPAD' in HDPYFinalizeIO
WARNING: [Designutils 20-3303] unexpected site type 'IOPAD' in HDPYFinalizeIO
WARNING: [Designutils 20-3303] unexpected site type 'IOPAD' in HDPYFinalizeIO
WARNING: [Designutils 20-3303] unexpected site type 'IOPAD' in HDPYFinalizeIO
WARNING: [Designutils 20-3303] unexpected site type 'IOPAD' in HDPYFinalizeIO
WARNING: [Designutils 20-3303] unexpected site type 'IOPAD' in HDPYFinalizeIO
WARNING: [Designutils 20-3303] unexpected site type 'IOPAD' in HDPYFinalizeIO
WARNING: [Designutils 20-3303] unexpected site type 'IOPAD' in HDPYFinalizeIO
WARNING: [Designutils 20-3303] unexpected site type 'IOPAD' in HDPYFinalizeIO
WARNING: [Designutils 20-3303] unexpected site type 'IOPAD' in HDPYFinalizeIO
WARNING: [Designutils 20-3303] unexpected site type 'IOPAD' in HDPYFinalizeIO
WARNING: [Designutils 20-3303] unexpected site type 'IOPAD' in HDPYFinalizeIO
WARNING: [Designutils 20-3303] unexpected site type 'IOPAD' in HDPYFinalizeIO
WARNING: [Designutils 20-3303] unexpected site type 'IOPAD' in HDPYFinalizeIO
WARNING: [Designutils 20-3303] unexpected site type 'IOPAD' in HDPYFinalizeIO
WARNING: [Designutils 20-3303] unexpected site type 'IOPAD' in HDPYFinalizeIO
WARNING: [Designutils 20-3303] unexpected site type 'IOPAD' in HDPYFinalizeIO
WARNING: [Designutils 20-3303] unexpected site type 'IOPAD' in HDPYFinalizeIO
WARNING: [Designutils 20-3303] unexpected site type 'IOPAD' in HDPYFinalizeIO
WARNING: [Designutils 20-3303] unexpected site type 'IOPAD' in HDPYFinalizeIO
WARNING: [Designutils 20-3303] unexpected site type 'IOPAD' in HDPYFinalizeIO
WARNING: [Designutils 20-3303] unexpected site type 'IOPAD' in HDPYFinalizeIO
WARNING: [Designutils 20-3303] unexpected site type 'IOPAD' in HDPYFinalizeIO
WARNING: [Designutils 20-3303] unexpected site type 'IOPAD' in HDPYFinalizeIO
WARNING: [Designutils 20-3303] unexpected site type 'IOPAD' in HDPYFinalizeIO
WARNING: [Designutils 20-3303] unexpected site type 'IOPAD' in HDPYFinalizeIO
WARNING: [Designutils 20-3303] unexpected site type 'IOPAD' in HDPYFinalizeIO
WARNING: [Designutils 20-3303] unexpected site type 'IOPAD' in HDPYFinalizeIO
WARNING: [Designutils 20-3303] unexpected site type 'IOPAD' in HDPYFinalizeIO
WARNING: [Designutils 20-3303] unexpected site type 'IOPAD' in HDPYFinalizeIO
WARNING: [Designutils 20-3303] unexpected site type 'IOPAD' in HDPYFinalizeIO
WARNING: [Designutils 20-3303] unexpected site type 'IOPAD' in HDPYFinalizeIO
WARNING: [Designutils 20-3303] unexpected site type 'IOPAD' in HDPYFinalizeIO
WARNING: [Designutils 20-3303] unexpected site type 'IOPAD' in HDPYFinalizeIO
WARNING: [Designutils 20-3303] unexpected site type 'IOPAD' in HDPYFinalizeIO
WARNING: [Designutils 20-3303] unexpected site type 'IOPAD' in HDPYFinalizeIO
WARNING: [Designutils 20-3303] unexpected site type 'IOPAD' in HDPYFinalizeIO
WARNING: [Designutils 20-3303] unexpected site type 'IOPAD' in HDPYFinalizeIO
WARNING: [Designutils 20-3303] unexpected site type 'IOPAD' in HDPYFinalizeIO
WARNING: [Designutils 20-3303] unexpected site type 'IOPAD' in HDPYFinalizeIO
WARNING: [Designutils 20-3303] unexpected site type 'IOPAD' in HDPYFinalizeIO
WARNING: [Designutils 20-3303] unexpected site type 'IOPAD' in HDPYFinalizeIO
WARNING: [Designutils 20-3303] unexpected site type 'IOPAD' in HDPYFinalizeIO
WARNING: [Designutils 20-3303] unexpected site type 'IOPAD' in HDPYFinalizeIO
WARNING: [Designutils 20-3303] unexpected site type 'IOPAD' in HDPYFinalizeIO
WARNING: [Designutils 20-3303] unexpected site type 'IOPAD' in HDPYFinalizeIO
WARNING: [Designutils 20-3303] unexpected site type 'IOPAD' in HDPYFinalizeIO
WARNING: [Designutils 20-3303] unexpected site type 'IOPAD' in HDPYFinalizeIO
WARNING: [Designutils 20-3303] unexpected site type 'IOPAD' in HDPYFinalizeIO
WARNING: [Designutils 20-3303] unexpected site type 'IOPAD' in HDPYFinalizeIO
WARNING: [Designutils 20-3303] unexpected site type 'IOPAD' in HDPYFinalizeIO
WARNING: [Designutils 20-3303] unexpected site type 'IOPAD' in HDPYFinalizeIO
WARNING: [Designutils 20-3303] unexpected site type 'IOPAD' in HDPYFinalizeIO
WARNING: [Designutils 20-3303] unexpected site type 'IOPAD' in HDPYFinalizeIO
WARNING: [Designutils 20-3303] unexpected site type 'IOPAD' in HDPYFinalizeIO
WARNING: [Designutils 20-3303] unexpected site type 'IOPAD' in HDPYFinalizeIO
WARNING: [Designutils 20-3303] unexpected site type 'IOPAD' in HDPYFinalizeIO
WARNING: [Designutils 20-3303] unexpected site type 'IOPAD' in HDPYFinalizeIO
WARNING: [Designutils 20-3303] unexpected site type 'IOPAD' in HDPYFinalizeIO
WARNING: [Designutils 20-3303] unexpected site type 'IOPAD' in HDPYFinalizeIO
WARNING: [Designutils 20-3303] unexpected site type 'IOPAD' in HDPYFinalizeIO
WARNING: [Designutils 20-3303] unexpected site type 'IOPAD' in HDPYFinalizeIO
WARNING: [Designutils 20-3303] unexpected site type 'IOPAD' in HDPYFinalizeIO
WARNING: [Designutils 20-3303] unexpected site type 'IOPAD' in HDPYFinalizeIO
WARNING: [Designutils 20-3303] unexpected site type 'IOPAD' in HDPYFinalizeIO
WARNING: [Designutils 20-3303] unexpected site type 'IOPAD' in HDPYFinalizeIO
WARNING: [Designutils 20-3303] unexpected site type 'IOPAD' in HDPYFinalizeIO
WARNING: [Designutils 20-3303] unexpected site type 'IOPAD' in HDPYFinalizeIO
WARNING: [Designutils 20-3303] unexpected site type 'IOPAD' in HDPYFinalizeIO
WARNING: [Designutils 20-3303] unexpected site type 'IOPAD' in HDPYFinalizeIO
WARNING: [Designutils 20-3303] unexpected site type 'IOPAD' in HDPYFinalizeIO
WARNING: [Designutils 20-3303] unexpected site type 'IOPAD' in HDPYFinalizeIO
WARNING: [Designutils 20-3303] unexpected site type 'IOPAD' in HDPYFinalizeIO
WARNING: [Designutils 20-3303] unexpected site type 'IOPAD' in HDPYFinalizeIO
WARNING: [Designutils 20-3303] unexpected site type 'IOPAD' in HDPYFinalizeIO
WARNING: [Designutils 20-3303] unexpected site type 'IOPAD' in HDPYFinalizeIO
WARNING: [Designutils 20-3303] unexpected site type 'IOPAD' in HDPYFinalizeIO
WARNING: [Designutils 20-3303] unexpected site type 'IOPAD' in HDPYFinalizeIO
WARNING: [Designutils 20-3303] unexpected site type 'IOPAD' in HDPYFinalizeIO
WARNING: [Designutils 20-3303] unexpected site type 'IOPAD' in HDPYFinalizeIO
WARNING: [Designutils 20-3303] unexpected site type 'IOPAD' in HDPYFinalizeIO
WARNING: [Designutils 20-3303] unexpected site type 'IOPAD' in HDPYFinalizeIO
WARNING: [Designutils 20-3303] unexpected site type 'IOPAD' in HDPYFinalizeIO
WARNING: [Designutils 20-3303] unexpected site type 'IOPAD' in HDPYFinalizeIO
WARNING: [Designutils 20-3303] unexpected site type 'IOPAD' in HDPYFinalizeIO
WARNING: [Designutils 20-3303] unexpected site type 'IOPAD' in HDPYFinalizeIO
WARNING: [Designutils 20-3303] unexpected site type 'IOPAD' in HDPYFinalizeIO
WARNING: [Designutils 20-3303] unexpected site type 'IOPAD' in HDPYFinalizeIO
WARNING: [Designutils 20-3303] unexpected site type 'IOPAD' in HDPYFinalizeIO
INFO: [Common 17-14] Message 'Designutils 20-3303' appears 100 times and further instances of the messages will be disabled. Use the Tcl command set_msg_config to change the current settings.
open_run: Time (s): cpu = 00:00:13 ; elapsed = 00:00:15 . Memory (MB): peak = 2325.906 ; gain = 968.836
CRITICAL WARNING: [Timing 38-282] The design failed to meet the timing requirements. Please see the timing summary report for details on the timing violations.
reset_run synth_1
WARNING: [Vivado 12-1017] Problems encountered:
1. Failed to delete one or more files in run directory F:/Desktop/PRJ/current_cnn/vivado/current_c_cnn/current_c_cnn.runs/synth_1

launch_runs impl_1 -jobs 16
[Mon May 13 17:08:08 2024] Launched design_1_top_net_0_0_synth_1, synth_1...
Run output will be captured here:
design_1_top_net_0_0_synth_1: F:/Desktop/PRJ/current_cnn/vivado/current_c_cnn/current_c_cnn.runs/design_1_top_net_0_0_synth_1/runme.log
synth_1: F:/Desktop/PRJ/current_cnn/vivado/current_c_cnn/current_c_cnn.runs/synth_1/runme.log
[Mon May 13 17:08:08 2024] Launched impl_1...
Run output will be captured here: F:/Desktop/PRJ/current_cnn/vivado/current_c_cnn/current_c_cnn.runs/impl_1/runme.log
close_design
launch_runs impl_1 -to_step write_bitstream -jobs 16
[Mon May 13 17:27:49 2024] Launched impl_1...
Run output will be captured here: F:/Desktop/PRJ/current_cnn/vivado/current_c_cnn/current_c_cnn.runs/impl_1/runme.log
exit
INFO: [Common 17-206] Exiting Vivado at Mon May 13 17:45:56 2024...
